<?xml version="1.0" encoding="UTF-8"?>
<testsuite name="org.gnubridge.core.PlayerTest" tests="6" skipped="0" failures="0" errors="0" timestamp="2016-10-19T12:44:19" hostname="gopal-pc" time="0.002">
  <properties/>
  <testcase name="testGetLegalMovesHasMatchingColor" classname="org.gnubridge.core.PlayerTest" time="0.0"/>
  <testcase name="testGetLegalMovesNoMatchingColor" classname="org.gnubridge.core.PlayerTest" time="0.0"/>
  <testcase name="testGetLegalMovesFirstToPlay" classname="org.gnubridge.core.PlayerTest" time="0.0"/>
  <testcase name="testOnePlayerInitialization" classname="org.gnubridge.core.PlayerTest" time="0.0"/>
  <testcase name="testInitializationNotByReference" classname="org.gnubridge.core.PlayerTest" time="0.0"/>
  <testcase name="testForcedPlay" classname="org.gnubridge.core.PlayerTest" time="0.0"/>
  <system-out><![CDATA[]]></system-out>
  <system-err><![CDATA[]]></system-err>
</testsuite>
