<?xml version="1.0" encoding="UTF-8"?>
<testsuite name="org.gnubridge.core.bidding.rules.Rebid1ColorWithNTTest" tests="10" skipped="0" failures="0" errors="0" timestamp="2016-10-19T12:44:22" hostname="gopal-pc" time="0.002">
  <properties/>
  <testcase name="testBalancedAt1Level" classname="org.gnubridge.core.bidding.rules.Rebid1ColorWithNTTest" time="0.0"/>
  <testcase name="testDoesNotApplyIfNotBalanced" classname="org.gnubridge.core.bidding.rules.Rebid1ColorWithNTTest" time="0.0"/>
  <testcase name="testDoNotApplyWhenBancedAt16To18" classname="org.gnubridge.core.bidding.rules.Rebid1ColorWithNTTest" time="0.0"/>
  <testcase name="testBidAt2WhenBancedAt19To20" classname="org.gnubridge.core.bidding.rules.Rebid1ColorWithNTTest" time="0.0"/>
  <testcase name="testDoNotApplyWhenBancedOver20" classname="org.gnubridge.core.bidding.rules.Rebid1ColorWithNTTest" time="0.0"/>
  <testcase name="testResponseIsNTTameWith16To18Points" classname="org.gnubridge.core.bidding.rules.Rebid1ColorWithNTTest" time="0.0"/>
  <testcase name="testResponseIsNTNotTameWith16To18Points" classname="org.gnubridge.core.bidding.rules.Rebid1ColorWithNTTest" time="0.0"/>
  <testcase name="testResponseIsNTTameWith19Points" classname="org.gnubridge.core.bidding.rules.Rebid1ColorWithNTTest" time="0.0"/>
  <testcase name="testResponseIsNTNotTameWith19Points" classname="org.gnubridge.core.bidding.rules.Rebid1ColorWithNTTest" time="0.001"/>
  <testcase name="testResponseIsNTBalancedWith19Points" classname="org.gnubridge.core.bidding.rules.Rebid1ColorWithNTTest" time="0.0"/>
  <system-out><![CDATA[]]></system-out>
  <system-err><![CDATA[]]></system-err>
</testsuite>
