<?xml version="1.0" encoding="UTF-8"?>
<testsuite name="org.gnubridge.search.DoubleDummySolverScenarioAcceptanceTest" tests="1" skipped="0" failures="0" errors="0" timestamp="2016-10-19T12:44:22" hostname="gopal-pc" time="0.064">
  <properties/>
  <testcase name="test13cards3deep" classname="org.gnubridge.search.DoubleDummySolverScenarioAcceptanceTest" time="0.064"/>
  <system-out><![CDATA[]]></system-out>
  <system-err><![CDATA[]]></system-err>
</testsuite>
