<?xml version="1.0" encoding="UTF-8"?>
<testsuite name="org.gnubridge.core.bidding.rules.Open1NTTest" tests="9" skipped="0" failures="0" errors="0" timestamp="2016-10-19T12:44:22" hostname="gopal-pc" time="0.002">
  <properties/>
  <testcase name="testRP1" classname="org.gnubridge.core.bidding.rules.Open1NTTest" time="0.0"/>
  <testcase name="testRP5" classname="org.gnubridge.core.bidding.rules.Open1NTTest" time="0.0"/>
  <testcase name="testRP11" classname="org.gnubridge.core.bidding.rules.Open1NTTest" time="0.001"/>
  <testcase name="testOpeningOneNTSecondCall" classname="org.gnubridge.core.bidding.rules.Open1NTTest" time="0.0"/>
  <testcase name="testCannotOpenOneNTIfInsufficientHCP" classname="org.gnubridge.core.bidding.rules.Open1NTTest" time="0.0"/>
  <testcase name="testDoNotOpenOneNTOnImbalancedHand" classname="org.gnubridge.core.bidding.rules.Open1NTTest" time="0.0"/>
  <testcase name="testCannotOpenOneNTIfHigherBid" classname="org.gnubridge.core.bidding.rules.Open1NTTest" time="0.0"/>
  <testcase name="testOpeningOneNTFirstCall" classname="org.gnubridge.core.bidding.rules.Open1NTTest" time="0.0"/>
  <testcase name="testDoNotOpenOneNTWhenResponding" classname="org.gnubridge.core.bidding.rules.Open1NTTest" time="0.001"/>
  <system-out><![CDATA[]]></system-out>
  <system-err><![CDATA[]]></system-err>
</testsuite>
