<?xml version="1.0" encoding="UTF-8"?>
<testsuite name="org.gnubridge.core.bidding.rules.Respond1ColorRaiseMajorSuitTest" tests="11" skipped="0" failures="0" errors="0" timestamp="2016-10-19T12:44:22" hostname="gopal-pc" time="0.002">
  <properties/>
  <testcase name="testRaiseThePartnerBy1DoNotApplyOver16Points" classname="org.gnubridge.core.bidding.rules.Respond1ColorRaiseMajorSuitTest" time="0.0"/>
  <testcase name="testCanHandlePartnersPassWithoutNPE" classname="org.gnubridge.core.bidding.rules.Respond1ColorRaiseMajorSuitTest" time="0.001"/>
  <testcase name="testOnlyAppliesToMajorSuit" classname="org.gnubridge.core.bidding.rules.Respond1ColorRaiseMajorSuitTest" time="0.0"/>
  <testcase name="testRaiseThePartnerBy1AlsoOnSpades" classname="org.gnubridge.core.bidding.rules.Respond1ColorRaiseMajorSuitTest" time="0.0"/>
  <testcase name="testDoNotApplyIfLessThan3Trumps" classname="org.gnubridge.core.bidding.rules.Respond1ColorRaiseMajorSuitTest" time="0.0"/>
  <testcase name="testOnlyAppliesToPartnersBidAt1Level" classname="org.gnubridge.core.bidding.rules.Respond1ColorRaiseMajorSuitTest" time="0.0"/>
  <testcase name="testDoNotApplyIfLessThan6Points" classname="org.gnubridge.core.bidding.rules.Respond1ColorRaiseMajorSuitTest" time="0.0"/>
  <testcase name="testCountBonusDistributionalPoints" classname="org.gnubridge.core.bidding.rules.Respond1ColorRaiseMajorSuitTest" time="0.0"/>
  <testcase name="testRaiseThePartnerBy1DoNotApplyBetween11and12Points" classname="org.gnubridge.core.bidding.rules.Respond1ColorRaiseMajorSuitTest" time="0.001"/>
  <testcase name="testRaiseThePartnerBy2Over12Points" classname="org.gnubridge.core.bidding.rules.Respond1ColorRaiseMajorSuitTest" time="0.0"/>
  <testcase name="testRaiseThePartnerBy1" classname="org.gnubridge.core.bidding.rules.Respond1ColorRaiseMajorSuitTest" time="0.0"/>
  <system-out><![CDATA[]]></system-out>
  <system-err><![CDATA[]]></system-err>
</testsuite>
