<?xml version="1.0" encoding="UTF-8"?>
<testsuite name="org.gnubridge.search.NodeTest" tests="7" skipped="0" failures="0" errors="0" timestamp="2016-10-19T12:44:31" hostname="gopal-pc" time="0.002">
  <properties/>
  <testcase name="testGetMovesRoot" classname="org.gnubridge.search.NodeTest" time="0.0"/>
  <testcase name="testIsAlphaBetaPruned" classname="org.gnubridge.search.NodeTest" time="0.001"/>
  <testcase name="testIsAlpha" classname="org.gnubridge.search.NodeTest" time="0.0"/>
  <testcase name="testGetMovesFirstChild" classname="org.gnubridge.search.NodeTest" time="0.0"/>
  <testcase name="testGetMovesSecondChild" classname="org.gnubridge.search.NodeTest" time="0.0"/>
  <testcase name="testGetMovesGrandchild" classname="org.gnubridge.search.NodeTest" time="0.0"/>
  <testcase name="testPrunedIfParentThenChild" classname="org.gnubridge.search.NodeTest" time="0.0"/>
  <system-out><![CDATA[]]></system-out>
  <system-err><![CDATA[]]></system-err>
</testsuite>
