<?xml version="1.0" encoding="UTF-8"?>
<testsuite name="org.gnubridge.core.bidding.rules.Overcall1NTTest" tests="6" skipped="0" failures="0" errors="0" timestamp="2016-10-19T12:44:22" hostname="gopal-pc" time="0.001">
  <properties/>
  <testcase name="testDoNotApplyIfNoStopperInEnemySuit" classname="org.gnubridge.core.bidding.rules.Overcall1NTTest" time="0.0"/>
  <testcase name="testMakeOvercallWith16to18HCPBalancedHandAndStopperInEnemySuit" classname="org.gnubridge.core.bidding.rules.Overcall1NTTest" time="0.0"/>
  <testcase name="testDoNotApplyIfNoOvercall" classname="org.gnubridge.core.bidding.rules.Overcall1NTTest" time="0.001"/>
  <testcase name="testDoNotApplyIfLessThan16HCP" classname="org.gnubridge.core.bidding.rules.Overcall1NTTest" time="0.0"/>
  <testcase name="testDoNotApplyIfMoreThan18HCP" classname="org.gnubridge.core.bidding.rules.Overcall1NTTest" time="0.0"/>
  <testcase name="testDoNotApplyIfImbalanced" classname="org.gnubridge.core.bidding.rules.Overcall1NTTest" time="0.0"/>
  <system-out><![CDATA[]]></system-out>
  <system-err><![CDATA[]]></system-err>
</testsuite>
