<?xml version="1.0" encoding="UTF-8"?>
<testsuite name="org.gnubridge.core.bidding.rules.RebidTest" tests="12" skipped="0" failures="0" errors="0" timestamp="2016-10-19T12:44:22" hostname="gopal-pc" time="0.001">
  <properties/>
  <testcase name="testOnlyApplyToRebids" classname="org.gnubridge.core.bidding.rules.RebidTest" time="0.0"/>
  <testcase name="testPrepareBidInRebidSituation" classname="org.gnubridge.core.bidding.rules.RebidTest" time="0.0"/>
  <testcase name="testPrepareBidInRebidSituationOpponent1Doubles" classname="org.gnubridge.core.bidding.rules.RebidTest" time="0.0"/>
  <testcase name="testPrepareBidInRebidSituationOpponent2Doubles" classname="org.gnubridge.core.bidding.rules.RebidTest" time="0.0"/>
  <testcase name="testPrepareBidInRebidSituation2" classname="org.gnubridge.core.bidding.rules.RebidTest" time="0.0"/>
  <testcase name="testPrepareBidInRebidSituation3" classname="org.gnubridge.core.bidding.rules.RebidTest" time="0.0"/>
  <testcase name="testPrepareBidInRebidSituation4" classname="org.gnubridge.core.bidding.rules.RebidTest" time="0.0"/>
  <testcase name="testDoNotThrowNPEPartnerPass" classname="org.gnubridge.core.bidding.rules.RebidTest" time="0.0"/>
  <testcase name="testDoNotThrowNPEPartnerDidNotBid" classname="org.gnubridge.core.bidding.rules.RebidTest" time="0.0"/>
  <testcase name="testDoNotApplyWhenPartnerDoubled" classname="org.gnubridge.core.bidding.rules.RebidTest" time="0.0"/>
  <testcase name="testDoNotApplyWhenIDoubled" classname="org.gnubridge.core.bidding.rules.RebidTest" time="0.0"/>
  <testcase name="testDoNotApplyWhenIOvercalled" classname="org.gnubridge.core.bidding.rules.RebidTest" time="0.0"/>
  <system-out><![CDATA[]]></system-out>
  <system-err><![CDATA[]]></system-err>
</testsuite>
