<?xml version="1.0" encoding="UTF-8"?>
<testsuite name="org.gnubridge.core.bidding.rules.BiddingRuleTest" tests="3" skipped="0" failures="0" errors="0" timestamp="2016-10-19T12:44:22" hostname="gopal-pc" time="0.0">
  <properties/>
  <testcase name="testDoNotBidIfSubclassRecommendsBidBelowCurrentHigh" classname="org.gnubridge.core.bidding.rules.BiddingRuleTest" time="0.0"/>
  <testcase name="testDoNotBidIfSubclassRecommendsBidEqualCurrentHigh" classname="org.gnubridge.core.bidding.rules.BiddingRuleTest" time="0.0"/>
  <testcase name="testAllowSubclassToRecommendPass" classname="org.gnubridge.core.bidding.rules.BiddingRuleTest" time="0.0"/>
  <system-out><![CDATA[]]></system-out>
  <system-err><![CDATA[]]></system-err>
</testsuite>
