<?xml version="1.0" encoding="UTF-8"?>
<testsuite name="org.gnubridge.core.bidding.rules.Respond1NTTest" tests="8" skipped="0" failures="0" errors="0" timestamp="2016-10-19T12:44:22" hostname="gopal-pc" time="0.001">
  <properties/>
  <testcase name="testFourOfColor" classname="org.gnubridge.core.bidding.rules.Respond1NTTest" time="0.0"/>
  <testcase name="testSevenPointUnder5CardsMajor" classname="org.gnubridge.core.bidding.rules.Respond1NTTest" time="0.0"/>
  <testcase name="test8To9PointUnder5CardsMajor" classname="org.gnubridge.core.bidding.rules.Respond1NTTest" time="0.0"/>
  <testcase name="testUpTo14PointsUnder5CardsMajor" classname="org.gnubridge.core.bidding.rules.Respond1NTTest" time="0.0"/>
  <testcase name="testAlsoAppliesToOvercalls" classname="org.gnubridge.core.bidding.rules.Respond1NTTest" time="0.001"/>
  <testcase name="testSevenPoint" classname="org.gnubridge.core.bidding.rules.Respond1NTTest" time="0.0"/>
  <testcase name="testTenPoint" classname="org.gnubridge.core.bidding.rules.Respond1NTTest" time="0.0"/>
  <testcase name="testDoNotFireWhenNotRespondingTo1NT" classname="org.gnubridge.core.bidding.rules.Respond1NTTest" time="0.0"/>
  <system-out><![CDATA[]]></system-out>
  <system-err><![CDATA[]]></system-err>
</testsuite>
